<?xml version="1.0" encoding="UTF-8"?>
<!-- Generated by org.testng.reporters.JUnitReportReporter -->
<testsuite hostname="DESKTOP-ETNI83U" name="testNG.Amazon" tests="1" failures="0" timestamp="26 Dec 2018 13:31:27 GMT" time="4.254" errors="0">
  <testcase name="iphone6" time="4.254" classname="testNG.Amazon"/>
</testsuite> <!-- testNG.Amazon -->
